16-Jun-2023 12:29:07.159 INFO [http-nio-8080-exec-577] org.apache.catalina.core.StandardContext.reload Reloading Context with name [/VeterinariaExtraordinaria] has started
16-Jun-2023 12:29:07.551 WARNING [http-nio-8080-exec-577] org.apache.catalina.loader.WebappClassLoaderBase.clearReferencesJdbc The web application [VeterinariaExtraordinaria] registered the JDBC driver [com.mysql.cj.jdbc.Driver] but failed to unregister it when the web application was stopped. To prevent a memory leak, the JDBC Driver has been forcibly unregistered.
16-Jun-2023 12:29:07.552 WARNING [http-nio-8080-exec-577] org.apache.catalina.loader.WebappClassLoaderBase.clearReferencesThreads The web application [VeterinariaExtraordinaria] appears to have started a thread named [mysql-cj-abandoned-connection-cleanup] but has failed to stop it. This is very likely to create a memory leak. Stack trace of thread:
 java.base@11.0.19/java.lang.Object.wait(Native Method)
 java.base@11.0.19/java.lang.ref.ReferenceQueue.remove(ReferenceQueue.java:155)
 com.mysql.cj.jdbc.AbandonedConnectionCleanupThread.run(AbandonedConnectionCleanupThread.java:91)
 java.base@11.0.19/java.util.concurrent.ThreadPoolExecutor.runWorker(ThreadPoolExecutor.java:1128)
 java.base@11.0.19/java.util.concurrent.ThreadPoolExecutor$Worker.run(ThreadPoolExecutor.java:628)
 java.base@11.0.19/java.lang.Thread.run(Thread.java:829)
16-Jun-2023 12:29:09.808 INFO [mysql-cj-abandoned-connection-cleanup] org.apache.catalina.loader.WebappClassLoaderBase.checkStateForResourceLoading Illegal access: this web application instance has been stopped already. Could not load []. The following stack trace is thrown for debugging purposes as well as to attempt to terminate the thread which caused the illegal access.
	java.lang.IllegalStateException: Illegal access: this web application instance has been stopped already. Could not load []. The following stack trace is thrown for debugging purposes as well as to attempt to terminate the thread which caused the illegal access.
		at org.apache.catalina.loader.WebappClassLoaderBase.checkStateForResourceLoading(WebappClassLoaderBase.java:1457)
		at org.apache.catalina.loader.WebappClassLoaderBase.getResource(WebappClassLoaderBase.java:1047)
		at com.mysql.cj.jdbc.AbandonedConnectionCleanupThread.checkThreadContextClassLoader(AbandonedConnectionCleanupThread.java:123)
		at com.mysql.cj.jdbc.AbandonedConnectionCleanupThread.run(AbandonedConnectionCleanupThread.java:90)
		at java.base/java.util.concurrent.ThreadPoolExecutor.runWorker(ThreadPoolExecutor.java:1128)
		at java.base/java.util.concurrent.ThreadPoolExecutor$Worker.run(ThreadPoolExecutor.java:628)
		at java.base/java.lang.Thread.run(Thread.java:829)
16-Jun-2023 12:29:12.121 INFO [http-nio-8080-exec-577] org.apache.jasper.servlet.TldScanner.scanJars At least one JAR was scanned for TLDs yet contained no TLDs. Enable debug logging for this logger for a complete list of JARs that were scanned but no TLDs were found in them. Skipping unneeded JARs during scanning can improve startup time and JSP compilation time.
16-Jun-2023 12:29:12.121 INFO [http-nio-8080-exec-577] org.apache.catalina.core.StandardContext.reload Reloading Context with name [/VeterinariaExtraordinaria] is completed
16-Jun-2023 12:29:12.832 INFO [http-nio-8080-exec-582] org.apache.catalina.core.StandardContext.reload Reloading Context with name [/VeterinariaExtraordinaria] has started
16-Jun-2023 12:29:12.967 INFO [http-nio-8080-exec-582] org.apache.jasper.servlet.TldScanner.scanJars At least one JAR was scanned for TLDs yet contained no TLDs. Enable debug logging for this logger for a complete list of JARs that were scanned but no TLDs were found in them. Skipping unneeded JARs during scanning can improve startup time and JSP compilation time.
16-Jun-2023 12:29:12.968 INFO [http-nio-8080-exec-582] org.apache.catalina.core.StandardContext.reload Reloading Context with name [/VeterinariaExtraordinaria] is completed
16-Jun-2023 12:29:14.261 INFO [http-nio-8080-exec-580] org.apache.catalina.core.StandardContext.reload Reloading Context with name [/VeterinariaExtraordinaria] has started
16-Jun-2023 12:29:14.552 INFO [http-nio-8080-exec-580] org.apache.jasper.servlet.TldScanner.scanJars At least one JAR was scanned for TLDs yet contained no TLDs. Enable debug logging for this logger for a complete list of JARs that were scanned but no TLDs were found in them. Skipping unneeded JARs during scanning can improve startup time and JSP compilation time.
16-Jun-2023 12:29:14.581 INFO [http-nio-8080-exec-580] org.apache.catalina.core.StandardContext.reload Reloading Context with name [/VeterinariaExtraordinaria] is completed
16-Jun-2023 12:29:34.478 INFO [http-nio-8080-exec-578] org.apache.catalina.core.StandardContext.reload Reloading Context with name [/VeterinariaExtraordinaria] has started
16-Jun-2023 12:29:35.303 INFO [http-nio-8080-exec-578] org.apache.jasper.servlet.TldScanner.scanJars At least one JAR was scanned for TLDs yet contained no TLDs. Enable debug logging for this logger for a complete list of JARs that were scanned but no TLDs were found in them. Skipping unneeded JARs during scanning can improve startup time and JSP compilation time.
16-Jun-2023 12:29:35.304 INFO [http-nio-8080-exec-578] org.apache.catalina.core.StandardContext.reload Reloading Context with name [/VeterinariaExtraordinaria] is completed
16-Jun-2023 12:29:35.688 INFO [http-nio-8080-exec-583] org.apache.catalina.core.StandardContext.reload Reloading Context with name [/VeterinariaExtraordinaria] has started
16-Jun-2023 12:29:35.829 INFO [http-nio-8080-exec-583] org.apache.jasper.servlet.TldScanner.scanJars At least one JAR was scanned for TLDs yet contained no TLDs. Enable debug logging for this logger for a complete list of JARs that were scanned but no TLDs were found in them. Skipping unneeded JARs during scanning can improve startup time and JSP compilation time.
16-Jun-2023 12:29:35.829 INFO [http-nio-8080-exec-583] org.apache.catalina.core.StandardContext.reload Reloading Context with name [/VeterinariaExtraordinaria] is completed
16-Jun-2023 12:29:41.410 INFO [http-nio-8080-exec-587] org.apache.catalina.core.StandardContext.reload Reloading Context with name [/VeterinariaExtraordinaria] has started
16-Jun-2023 12:29:41.839 INFO [http-nio-8080-exec-587] org.apache.jasper.servlet.TldScanner.scanJars At least one JAR was scanned for TLDs yet contained no TLDs. Enable debug logging for this logger for a complete list of JARs that were scanned but no TLDs were found in them. Skipping unneeded JARs during scanning can improve startup time and JSP compilation time.
16-Jun-2023 12:29:41.841 INFO [http-nio-8080-exec-587] org.apache.catalina.core.StandardContext.reload Reloading Context with name [/VeterinariaExtraordinaria] is completed
16-Jun-2023 12:29:56.363 INFO [http-nio-8080-exec-586] org.apache.catalina.core.StandardContext.reload Reloading Context with name [/VeterinariaExtraordinaria] has started
16-Jun-2023 12:29:56.781 INFO [http-nio-8080-exec-586] org.apache.jasper.servlet.TldScanner.scanJars At least one JAR was scanned for TLDs yet contained no TLDs. Enable debug logging for this logger for a complete list of JARs that were scanned but no TLDs were found in them. Skipping unneeded JARs during scanning can improve startup time and JSP compilation time.
16-Jun-2023 12:29:56.783 INFO [http-nio-8080-exec-586] org.apache.catalina.core.StandardContext.reload Reloading Context with name [/VeterinariaExtraordinaria] is completed
16-Jun-2023 12:30:09.883 INFO [http-nio-8080-exec-586] org.apache.catalina.core.StandardContext.reload Reloading Context with name [/VeterinariaExtraordinaria] has started
16-Jun-2023 12:30:10.578 INFO [http-nio-8080-exec-586] org.apache.jasper.servlet.TldScanner.scanJars At least one JAR was scanned for TLDs yet contained no TLDs. Enable debug logging for this logger for a complete list of JARs that were scanned but no TLDs were found in them. Skipping unneeded JARs during scanning can improve startup time and JSP compilation time.
16-Jun-2023 12:30:10.579 INFO [http-nio-8080-exec-586] org.apache.catalina.core.StandardContext.reload Reloading Context with name [/VeterinariaExtraordinaria] is completed
16-Jun-2023 12:30:33.601 INFO [http-nio-8080-exec-592] org.apache.catalina.core.StandardContext.reload Reloading Context with name [/VeterinariaExtraordinaria] has started
16-Jun-2023 12:30:34.351 INFO [http-nio-8080-exec-592] org.apache.jasper.servlet.TldScanner.scanJars At least one JAR was scanned for TLDs yet contained no TLDs. Enable debug logging for this logger for a complete list of JARs that were scanned but no TLDs were found in them. Skipping unneeded JARs during scanning can improve startup time and JSP compilation time.
16-Jun-2023 12:30:34.352 INFO [http-nio-8080-exec-592] org.apache.catalina.core.StandardContext.reload Reloading Context with name [/VeterinariaExtraordinaria] is completed
16-Jun-2023 12:30:35.108 INFO [http-nio-8080-exec-582] org.apache.jasper.servlet.TldScanner.scanJars At least one JAR was scanned for TLDs yet contained no TLDs. Enable debug logging for this logger for a complete list of JARs that were scanned but no TLDs were found in them. Skipping unneeded JARs during scanning can improve startup time and JSP compilation time.
16-Jun-2023 12:30:36.995 INFO [http-nio-8080-exec-586] org.apache.catalina.core.StandardContext.reload Reloading Context with name [/VeterinariaExtraordinaria] has started
16-Jun-2023 12:30:37.081 INFO [http-nio-8080-exec-586] org.apache.jasper.servlet.TldScanner.scanJars At least one JAR was scanned for TLDs yet contained no TLDs. Enable debug logging for this logger for a complete list of JARs that were scanned but no TLDs were found in them. Skipping unneeded JARs during scanning can improve startup time and JSP compilation time.
16-Jun-2023 12:30:37.081 INFO [http-nio-8080-exec-586] org.apache.catalina.core.StandardContext.reload Reloading Context with name [/VeterinariaExtraordinaria] is completed
16-Jun-2023 12:30:44.370 INFO [Catalina-utility-2] org.apache.catalina.startup.HostConfig.reload Reloading context [/VeterinariaExtraordinaria]
16-Jun-2023 12:30:44.370 INFO [Catalina-utility-2] org.apache.catalina.core.StandardContext.reload Reloading Context with name [/VeterinariaExtraordinaria] has started
16-Jun-2023 12:30:44.935 INFO [Catalina-utility-2] org.apache.jasper.servlet.TldScanner.scanJars At least one JAR was scanned for TLDs yet contained no TLDs. Enable debug logging for this logger for a complete list of JARs that were scanned but no TLDs were found in them. Skipping unneeded JARs during scanning can improve startup time and JSP compilation time.
16-Jun-2023 12:30:44.935 INFO [Catalina-utility-2] org.apache.catalina.core.StandardContext.reload Reloading Context with name [/VeterinariaExtraordinaria] is completed
16-Jun-2023 12:30:49.593 INFO [http-nio-8080-exec-590] org.apache.catalina.core.StandardContext.reload Reloading Context with name [/VeterinariaExtraordinaria] has started
16-Jun-2023 12:30:49.683 INFO [http-nio-8080-exec-590] org.apache.jasper.servlet.TldScanner.scanJars At least one JAR was scanned for TLDs yet contained no TLDs. Enable debug logging for this logger for a complete list of JARs that were scanned but no TLDs were found in them. Skipping unneeded JARs during scanning can improve startup time and JSP compilation time.
16-Jun-2023 12:30:49.684 INFO [http-nio-8080-exec-590] org.apache.catalina.core.StandardContext.reload Reloading Context with name [/VeterinariaExtraordinaria] is completed
16-Jun-2023 12:31:41.654 INFO [http-nio-8080-exec-598] org.apache.catalina.core.StandardContext.reload Reloading Context with name [/VeterinariaExtraordinaria] has started
16-Jun-2023 12:31:41.879 INFO [http-nio-8080-exec-598] org.apache.jasper.servlet.TldScanner.scanJars At least one JAR was scanned for TLDs yet contained no TLDs. Enable debug logging for this logger for a complete list of JARs that were scanned but no TLDs were found in them. Skipping unneeded JARs during scanning can improve startup time and JSP compilation time.
16-Jun-2023 12:31:41.880 INFO [http-nio-8080-exec-598] org.apache.catalina.core.StandardContext.reload Reloading Context with name [/VeterinariaExtraordinaria] is completed
16-Jun-2023 12:42:32.187 INFO [http-nio-8080-exec-603] org.apache.catalina.core.StandardContext.reload Reloading Context with name [/VeterinariaExtraordinaria] has started
16-Jun-2023 12:42:33.209 INFO [http-nio-8080-exec-603] org.apache.jasper.servlet.TldScanner.scanJars At least one JAR was scanned for TLDs yet contained no TLDs. Enable debug logging for this logger for a complete list of JARs that were scanned but no TLDs were found in them. Skipping unneeded JARs during scanning can improve startup time and JSP compilation time.
16-Jun-2023 12:42:33.211 INFO [http-nio-8080-exec-603] org.apache.catalina.core.StandardContext.reload Reloading Context with name [/VeterinariaExtraordinaria] is completed
16-Jun-2023 12:42:48.316 INFO [http-nio-8080-exec-606] org.apache.catalina.core.StandardContext.reload Reloading Context with name [/VeterinariaExtraordinaria] has started
16-Jun-2023 12:42:48.430 INFO [http-nio-8080-exec-606] org.apache.jasper.servlet.TldScanner.scanJars At least one JAR was scanned for TLDs yet contained no TLDs. Enable debug logging for this logger for a complete list of JARs that were scanned but no TLDs were found in them. Skipping unneeded JARs during scanning can improve startup time and JSP compilation time.
16-Jun-2023 12:42:48.431 INFO [http-nio-8080-exec-606] org.apache.catalina.core.StandardContext.reload Reloading Context with name [/VeterinariaExtraordinaria] is completed
16-Jun-2023 12:43:13.564 INFO [http-nio-8080-exec-600] org.apache.catalina.core.StandardContext.reload Reloading Context with name [/VeterinariaExtraordinaria] has started
16-Jun-2023 12:43:13.763 INFO [http-nio-8080-exec-600] org.apache.jasper.servlet.TldScanner.scanJars At least one JAR was scanned for TLDs yet contained no TLDs. Enable debug logging for this logger for a complete list of JARs that were scanned but no TLDs were found in them. Skipping unneeded JARs during scanning can improve startup time and JSP compilation time.
16-Jun-2023 12:43:13.763 INFO [http-nio-8080-exec-600] org.apache.catalina.core.StandardContext.reload Reloading Context with name [/VeterinariaExtraordinaria] is completed
16-Jun-2023 12:43:14.575 INFO [http-nio-8080-exec-609] org.apache.catalina.core.StandardContext.reload Reloading Context with name [/VeterinariaExtraordinaria] has started
16-Jun-2023 12:43:14.662 INFO [http-nio-8080-exec-609] org.apache.jasper.servlet.TldScanner.scanJars At least one JAR was scanned for TLDs yet contained no TLDs. Enable debug logging for this logger for a complete list of JARs that were scanned but no TLDs were found in them. Skipping unneeded JARs during scanning can improve startup time and JSP compilation time.
16-Jun-2023 12:43:14.663 INFO [http-nio-8080-exec-609] org.apache.catalina.core.StandardContext.reload Reloading Context with name [/VeterinariaExtraordinaria] is completed
16-Jun-2023 12:43:23.175 INFO [http-nio-8080-exec-614] org.apache.catalina.core.StandardContext.reload Reloading Context with name [/VeterinariaExtraordinaria] has started
16-Jun-2023 12:43:23.642 INFO [http-nio-8080-exec-614] org.apache.jasper.servlet.TldScanner.scanJars At least one JAR was scanned for TLDs yet contained no TLDs. Enable debug logging for this logger for a complete list of JARs that were scanned but no TLDs were found in them. Skipping unneeded JARs during scanning can improve startup time and JSP compilation time.
16-Jun-2023 12:43:23.643 INFO [http-nio-8080-exec-614] org.apache.catalina.core.StandardContext.reload Reloading Context with name [/VeterinariaExtraordinaria] is completed
16-Jun-2023 12:44:02.673 INFO [http-nio-8080-exec-605] org.apache.catalina.core.StandardContext.reload Reloading Context with name [/VeterinariaExtraordinaria] has started
16-Jun-2023 12:44:02.825 INFO [http-nio-8080-exec-605] org.apache.jasper.servlet.TldScanner.scanJars At least one JAR was scanned for TLDs yet contained no TLDs. Enable debug logging for this logger for a complete list of JARs that were scanned but no TLDs were found in them. Skipping unneeded JARs during scanning can improve startup time and JSP compilation time.
16-Jun-2023 12:44:02.826 INFO [http-nio-8080-exec-605] org.apache.catalina.core.StandardContext.reload Reloading Context with name [/VeterinariaExtraordinaria] is completed
16-Jun-2023 12:45:00.829 INFO [http-nio-8080-exec-614] org.apache.catalina.core.StandardContext.reload Reloading Context with name [/VeterinariaExtraordinaria] has started
16-Jun-2023 12:45:00.920 INFO [http-nio-8080-exec-614] org.apache.jasper.servlet.TldScanner.scanJars At least one JAR was scanned for TLDs yet contained no TLDs. Enable debug logging for this logger for a complete list of JARs that were scanned but no TLDs were found in them. Skipping unneeded JARs during scanning can improve startup time and JSP compilation time.
16-Jun-2023 12:45:00.921 INFO [http-nio-8080-exec-614] org.apache.catalina.core.StandardContext.reload Reloading Context with name [/VeterinariaExtraordinaria] is completed
16-Jun-2023 12:46:29.948 INFO [http-nio-8080-exec-608] org.apache.catalina.core.StandardContext.reload Reloading Context with name [/VeterinariaExtraordinaria] has started
16-Jun-2023 12:46:30.071 INFO [http-nio-8080-exec-608] org.apache.jasper.servlet.TldScanner.scanJars At least one JAR was scanned for TLDs yet contained no TLDs. Enable debug logging for this logger for a complete list of JARs that were scanned but no TLDs were found in them. Skipping unneeded JARs during scanning can improve startup time and JSP compilation time.
16-Jun-2023 12:46:30.071 INFO [http-nio-8080-exec-608] org.apache.catalina.core.StandardContext.reload Reloading Context with name [/VeterinariaExtraordinaria] is completed
16-Jun-2023 13:06:49.277 INFO [http-nio-8080-exec-629] org.apache.jasper.servlet.TldScanner.scanJars At least one JAR was scanned for TLDs yet contained no TLDs. Enable debug logging for this logger for a complete list of JARs that were scanned but no TLDs were found in them. Skipping unneeded JARs during scanning can improve startup time and JSP compilation time.
16-Jun-2023 13:06:49.318 INFO [http-nio-8080-exec-628] org.apache.catalina.core.StandardContext.reload Reloading Context with name [/VeterinariaExtraordinaria] has started
16-Jun-2023 13:06:49.478 INFO [http-nio-8080-exec-628] org.apache.jasper.servlet.TldScanner.scanJars At least one JAR was scanned for TLDs yet contained no TLDs. Enable debug logging for this logger for a complete list of JARs that were scanned but no TLDs were found in them. Skipping unneeded JARs during scanning can improve startup time and JSP compilation time.
16-Jun-2023 13:06:49.480 INFO [http-nio-8080-exec-628] org.apache.catalina.core.StandardContext.reload Reloading Context with name [/VeterinariaExtraordinaria] is completed
16-Jun-2023 13:06:51.303 INFO [http-nio-8080-exec-625] org.apache.catalina.core.StandardContext.reload Reloading Context with name [/VeterinariaExtraordinaria] has started
16-Jun-2023 13:06:51.454 INFO [http-nio-8080-exec-625] org.apache.jasper.servlet.TldScanner.scanJars At least one JAR was scanned for TLDs yet contained no TLDs. Enable debug logging for this logger for a complete list of JARs that were scanned but no TLDs were found in them. Skipping unneeded JARs during scanning can improve startup time and JSP compilation time.
16-Jun-2023 13:06:51.483 INFO [http-nio-8080-exec-625] org.apache.catalina.core.StandardContext.reload Reloading Context with name [/VeterinariaExtraordinaria] is completed
16-Jun-2023 13:06:57.744 INFO [Catalina-utility-1] org.apache.catalina.startup.HostConfig.reload Reloading context [/VeterinariaExtraordinaria]
16-Jun-2023 13:06:57.744 INFO [Catalina-utility-1] org.apache.catalina.core.StandardContext.reload Reloading Context with name [/VeterinariaExtraordinaria] has started
16-Jun-2023 13:06:58.041 INFO [Catalina-utility-1] org.apache.jasper.servlet.TldScanner.scanJars At least one JAR was scanned for TLDs yet contained no TLDs. Enable debug logging for this logger for a complete list of JARs that were scanned but no TLDs were found in them. Skipping unneeded JARs during scanning can improve startup time and JSP compilation time.
16-Jun-2023 13:06:58.042 INFO [Catalina-utility-1] org.apache.catalina.core.StandardContext.reload Reloading Context with name [/VeterinariaExtraordinaria] is completed
16-Jun-2023 13:06:58.042 INFO [http-nio-8080-exec-629] org.apache.catalina.core.StandardContext.reload Reloading Context with name [/VeterinariaExtraordinaria] has started
16-Jun-2023 13:06:58.150 INFO [http-nio-8080-exec-629] org.apache.jasper.servlet.TldScanner.scanJars At least one JAR was scanned for TLDs yet contained no TLDs. Enable debug logging for this logger for a complete list of JARs that were scanned but no TLDs were found in them. Skipping unneeded JARs during scanning can improve startup time and JSP compilation time.
16-Jun-2023 13:06:58.151 INFO [http-nio-8080-exec-629] org.apache.catalina.core.StandardContext.reload Reloading Context with name [/VeterinariaExtraordinaria] is completed
16-Jun-2023 13:06:59.672 INFO [http-nio-8080-exec-632] org.apache.catalina.core.StandardContext.reload Reloading Context with name [/VeterinariaExtraordinaria] has started
16-Jun-2023 13:06:59.824 INFO [http-nio-8080-exec-632] org.apache.jasper.servlet.TldScanner.scanJars At least one JAR was scanned for TLDs yet contained no TLDs. Enable debug logging for this logger for a complete list of JARs that were scanned but no TLDs were found in them. Skipping unneeded JARs during scanning can improve startup time and JSP compilation time.
16-Jun-2023 13:06:59.827 INFO [http-nio-8080-exec-632] org.apache.catalina.core.StandardContext.reload Reloading Context with name [/VeterinariaExtraordinaria] is completed
16-Jun-2023 13:08:13.472 INFO [http-nio-8080-exec-622] org.apache.catalina.core.StandardContext.reload Reloading Context with name [/VeterinariaExtraordinaria] has started
16-Jun-2023 13:08:13.573 INFO [http-nio-8080-exec-622] org.apache.jasper.servlet.TldScanner.scanJars At least one JAR was scanned for TLDs yet contained no TLDs. Enable debug logging for this logger for a complete list of JARs that were scanned but no TLDs were found in them. Skipping unneeded JARs during scanning can improve startup time and JSP compilation time.
16-Jun-2023 13:08:13.574 INFO [http-nio-8080-exec-622] org.apache.catalina.core.StandardContext.reload Reloading Context with name [/VeterinariaExtraordinaria] is completed
16-Jun-2023 13:08:14.353 INFO [http-nio-8080-exec-630] org.apache.catalina.core.StandardContext.reload Reloading Context with name [/VeterinariaExtraordinaria] has started
16-Jun-2023 13:08:15.530 INFO [http-nio-8080-exec-630] org.apache.jasper.servlet.TldScanner.scanJars At least one JAR was scanned for TLDs yet contained no TLDs. Enable debug logging for this logger for a complete list of JARs that were scanned but no TLDs were found in them. Skipping unneeded JARs during scanning can improve startup time and JSP compilation time.
16-Jun-2023 13:08:15.531 INFO [http-nio-8080-exec-630] org.apache.catalina.core.StandardContext.reload Reloading Context with name [/VeterinariaExtraordinaria] is completed
16-Jun-2023 13:08:15.590 INFO [http-nio-8080-exec-622] org.apache.catalina.core.StandardContext.reload Reloading Context with name [/VeterinariaExtraordinaria] has started
16-Jun-2023 13:08:15.754 INFO [http-nio-8080-exec-622] org.apache.jasper.servlet.TldScanner.scanJars At least one JAR was scanned for TLDs yet contained no TLDs. Enable debug logging for this logger for a complete list of JARs that were scanned but no TLDs were found in them. Skipping unneeded JARs during scanning can improve startup time and JSP compilation time.
16-Jun-2023 13:08:15.755 INFO [http-nio-8080-exec-622] org.apache.catalina.core.StandardContext.reload Reloading Context with name [/VeterinariaExtraordinaria] is completed
16-Jun-2023 13:08:18.859 INFO [http-nio-8080-exec-638] org.apache.catalina.core.StandardContext.reload Reloading Context with name [/VeterinariaExtraordinaria] has started
16-Jun-2023 13:08:18.968 INFO [http-nio-8080-exec-638] org.apache.jasper.servlet.TldScanner.scanJars At least one JAR was scanned for TLDs yet contained no TLDs. Enable debug logging for this logger for a complete list of JARs that were scanned but no TLDs were found in them. Skipping unneeded JARs during scanning can improve startup time and JSP compilation time.
16-Jun-2023 13:08:18.968 INFO [http-nio-8080-exec-638] org.apache.catalina.core.StandardContext.reload Reloading Context with name [/VeterinariaExtraordinaria] is completed
16-Jun-2023 13:08:19.622 INFO [http-nio-8080-exec-625] org.apache.catalina.core.StandardContext.reload Reloading Context with name [/VeterinariaExtraordinaria] has started
16-Jun-2023 13:08:19.789 INFO [http-nio-8080-exec-625] org.apache.jasper.servlet.TldScanner.scanJars At least one JAR was scanned for TLDs yet contained no TLDs. Enable debug logging for this logger for a complete list of JARs that were scanned but no TLDs were found in them. Skipping unneeded JARs during scanning can improve startup time and JSP compilation time.
16-Jun-2023 13:08:19.789 INFO [http-nio-8080-exec-625] org.apache.catalina.core.StandardContext.reload Reloading Context with name [/VeterinariaExtraordinaria] is completed
16-Jun-2023 13:08:20.990 INFO [http-nio-8080-exec-629] org.apache.catalina.core.StandardContext.reload Reloading Context with name [/VeterinariaExtraordinaria] has started
16-Jun-2023 13:08:21.090 INFO [http-nio-8080-exec-629] org.apache.jasper.servlet.TldScanner.scanJars At least one JAR was scanned for TLDs yet contained no TLDs. Enable debug logging for this logger for a complete list of JARs that were scanned but no TLDs were found in them. Skipping unneeded JARs during scanning can improve startup time and JSP compilation time.
16-Jun-2023 13:08:21.105 INFO [http-nio-8080-exec-629] org.apache.catalina.core.StandardContext.reload Reloading Context with name [/VeterinariaExtraordinaria] is completed
16-Jun-2023 13:08:43.417 INFO [http-nio-8080-exec-637] org.apache.catalina.core.StandardContext.reload Reloading Context with name [/VeterinariaExtraordinaria] has started
16-Jun-2023 13:08:43.533 INFO [http-nio-8080-exec-637] org.apache.jasper.servlet.TldScanner.scanJars At least one JAR was scanned for TLDs yet contained no TLDs. Enable debug logging for this logger for a complete list of JARs that were scanned but no TLDs were found in them. Skipping unneeded JARs during scanning can improve startup time and JSP compilation time.
16-Jun-2023 13:08:43.533 INFO [http-nio-8080-exec-637] org.apache.catalina.core.StandardContext.reload Reloading Context with name [/VeterinariaExtraordinaria] is completed
16-Jun-2023 13:08:44.341 INFO [http-nio-8080-exec-641] org.apache.catalina.core.StandardContext.reload Reloading Context with name [/VeterinariaExtraordinaria] has started
16-Jun-2023 13:08:44.496 INFO [http-nio-8080-exec-641] org.apache.jasper.servlet.TldScanner.scanJars At least one JAR was scanned for TLDs yet contained no TLDs. Enable debug logging for this logger for a complete list of JARs that were scanned but no TLDs were found in them. Skipping unneeded JARs during scanning can improve startup time and JSP compilation time.
16-Jun-2023 13:08:44.497 INFO [http-nio-8080-exec-641] org.apache.catalina.core.StandardContext.reload Reloading Context with name [/VeterinariaExtraordinaria] is completed
16-Jun-2023 13:08:45.242 INFO [http-nio-8080-exec-632] org.apache.catalina.core.StandardContext.reload Reloading Context with name [/VeterinariaExtraordinaria] has started
16-Jun-2023 13:08:45.424 INFO [http-nio-8080-exec-632] org.apache.jasper.servlet.TldScanner.scanJars At least one JAR was scanned for TLDs yet contained no TLDs. Enable debug logging for this logger for a complete list of JARs that were scanned but no TLDs were found in them. Skipping unneeded JARs during scanning can improve startup time and JSP compilation time.
16-Jun-2023 13:08:45.429 INFO [http-nio-8080-exec-632] org.apache.catalina.core.StandardContext.reload Reloading Context with name [/VeterinariaExtraordinaria] is completed
16-Jun-2023 13:09:36.199 INFO [http-nio-8080-exec-625] org.apache.catalina.core.StandardContext.reload Reloading Context with name [/VeterinariaExtraordinaria] has started
16-Jun-2023 13:09:36.521 INFO [http-nio-8080-exec-625] org.apache.jasper.servlet.TldScanner.scanJars At least one JAR was scanned for TLDs yet contained no TLDs. Enable debug logging for this logger for a complete list of JARs that were scanned but no TLDs were found in them. Skipping unneeded JARs during scanning can improve startup time and JSP compilation time.
16-Jun-2023 13:09:36.521 INFO [http-nio-8080-exec-625] org.apache.catalina.core.StandardContext.reload Reloading Context with name [/VeterinariaExtraordinaria] is completed
16-Jun-2023 13:09:37.191 INFO [http-nio-8080-exec-643] org.apache.catalina.core.StandardContext.reload Reloading Context with name [/VeterinariaExtraordinaria] has started
16-Jun-2023 13:09:37.309 INFO [http-nio-8080-exec-643] org.apache.jasper.servlet.TldScanner.scanJars At least one JAR was scanned for TLDs yet contained no TLDs. Enable debug logging for this logger for a complete list of JARs that were scanned but no TLDs were found in them. Skipping unneeded JARs during scanning can improve startup time and JSP compilation time.
16-Jun-2023 13:09:37.310 INFO [http-nio-8080-exec-643] org.apache.catalina.core.StandardContext.reload Reloading Context with name [/VeterinariaExtraordinaria] is completed
16-Jun-2023 13:12:20.839 INFO [http-nio-8080-exec-647] org.apache.catalina.core.StandardContext.reload Reloading Context with name [/VeterinariaExtraordinaria] has started
16-Jun-2023 13:12:20.946 INFO [http-nio-8080-exec-647] org.apache.jasper.servlet.TldScanner.scanJars At least one JAR was scanned for TLDs yet contained no TLDs. Enable debug logging for this logger for a complete list of JARs that were scanned but no TLDs were found in them. Skipping unneeded JARs during scanning can improve startup time and JSP compilation time.
16-Jun-2023 13:12:20.947 INFO [http-nio-8080-exec-647] org.apache.catalina.core.StandardContext.reload Reloading Context with name [/VeterinariaExtraordinaria] is completed
16-Jun-2023 13:17:27.479 INFO [http-nio-8080-exec-650] org.apache.catalina.core.StandardContext.reload Reloading Context with name [/VeterinariaExtraordinaria] has started
16-Jun-2023 13:17:27.574 INFO [http-nio-8080-exec-650] org.apache.jasper.servlet.TldScanner.scanJars At least one JAR was scanned for TLDs yet contained no TLDs. Enable debug logging for this logger for a complete list of JARs that were scanned but no TLDs were found in them. Skipping unneeded JARs during scanning can improve startup time and JSP compilation time.
16-Jun-2023 13:17:27.574 INFO [http-nio-8080-exec-650] org.apache.catalina.core.StandardContext.reload Reloading Context with name [/VeterinariaExtraordinaria] is completed
16-Jun-2023 13:17:28.421 INFO [http-nio-8080-exec-651] org.apache.catalina.core.StandardContext.reload Reloading Context with name [/VeterinariaExtraordinaria] has started
16-Jun-2023 13:17:28.640 INFO [http-nio-8080-exec-651] org.apache.jasper.servlet.TldScanner.scanJars At least one JAR was scanned for TLDs yet contained no TLDs. Enable debug logging for this logger for a complete list of JARs that were scanned but no TLDs were found in them. Skipping unneeded JARs during scanning can improve startup time and JSP compilation time.
16-Jun-2023 13:17:28.641 INFO [http-nio-8080-exec-651] org.apache.catalina.core.StandardContext.reload Reloading Context with name [/VeterinariaExtraordinaria] is completed
16-Jun-2023 13:18:02.181 INFO [http-nio-8080-exec-653] org.apache.catalina.core.StandardContext.reload Reloading Context with name [/VeterinariaExtraordinaria] has started
16-Jun-2023 13:18:02.293 INFO [http-nio-8080-exec-653] org.apache.jasper.servlet.TldScanner.scanJars At least one JAR was scanned for TLDs yet contained no TLDs. Enable debug logging for this logger for a complete list of JARs that were scanned but no TLDs were found in them. Skipping unneeded JARs during scanning can improve startup time and JSP compilation time.
16-Jun-2023 13:18:02.616 INFO [http-nio-8080-exec-653] org.apache.catalina.core.StandardContext.reload Reloading Context with name [/VeterinariaExtraordinaria] is completed
16-Jun-2023 13:19:08.607 INFO [http-nio-8080-exec-655] org.apache.catalina.core.StandardContext.reload Reloading Context with name [/VeterinariaExtraordinaria] has started
16-Jun-2023 13:19:08.711 INFO [http-nio-8080-exec-655] org.apache.jasper.servlet.TldScanner.scanJars At least one JAR was scanned for TLDs yet contained no TLDs. Enable debug logging for this logger for a complete list of JARs that were scanned but no TLDs were found in them. Skipping unneeded JARs during scanning can improve startup time and JSP compilation time.
16-Jun-2023 13:19:08.711 INFO [http-nio-8080-exec-655] org.apache.catalina.core.StandardContext.reload Reloading Context with name [/VeterinariaExtraordinaria] is completed
16-Jun-2023 13:19:09.294 INFO [http-nio-8080-exec-654] org.apache.jasper.servlet.TldScanner.scanJars At least one JAR was scanned for TLDs yet contained no TLDs. Enable debug logging for this logger for a complete list of JARs that were scanned but no TLDs were found in them. Skipping unneeded JARs during scanning can improve startup time and JSP compilation time.
16-Jun-2023 13:19:10.527 INFO [http-nio-8080-exec-634] org.apache.catalina.core.StandardContext.reload Reloading Context with name [/VeterinariaExtraordinaria] has started
16-Jun-2023 13:19:10.639 INFO [http-nio-8080-exec-634] org.apache.jasper.servlet.TldScanner.scanJars At least one JAR was scanned for TLDs yet contained no TLDs. Enable debug logging for this logger for a complete list of JARs that were scanned but no TLDs were found in them. Skipping unneeded JARs during scanning can improve startup time and JSP compilation time.
16-Jun-2023 13:19:10.639 INFO [http-nio-8080-exec-634] org.apache.catalina.core.StandardContext.reload Reloading Context with name [/VeterinariaExtraordinaria] is completed
16-Jun-2023 13:19:17.023 INFO [http-nio-8080-exec-658] org.apache.catalina.core.StandardContext.reload Reloading Context with name [/VeterinariaExtraordinaria] has started
16-Jun-2023 13:19:17.289 INFO [http-nio-8080-exec-658] org.apache.jasper.servlet.TldScanner.scanJars At least one JAR was scanned for TLDs yet contained no TLDs. Enable debug logging for this logger for a complete list of JARs that were scanned but no TLDs were found in them. Skipping unneeded JARs during scanning can improve startup time and JSP compilation time.
16-Jun-2023 13:19:17.290 INFO [http-nio-8080-exec-658] org.apache.catalina.core.StandardContext.reload Reloading Context with name [/VeterinariaExtraordinaria] is completed
16-Jun-2023 13:19:18.161 INFO [Catalina-utility-1] org.apache.catalina.startup.HostConfig.reload Reloading context [/VeterinariaExtraordinaria]
16-Jun-2023 13:19:18.161 INFO [Catalina-utility-1] org.apache.catalina.core.StandardContext.reload Reloading Context with name [/VeterinariaExtraordinaria] has started
16-Jun-2023 13:19:18.283 INFO [Catalina-utility-1] org.apache.jasper.servlet.TldScanner.scanJars At least one JAR was scanned for TLDs yet contained no TLDs. Enable debug logging for this logger for a complete list of JARs that were scanned but no TLDs were found in them. Skipping unneeded JARs during scanning can improve startup time and JSP compilation time.
16-Jun-2023 13:19:18.283 INFO [Catalina-utility-1] org.apache.catalina.core.StandardContext.reload Reloading Context with name [/VeterinariaExtraordinaria] is completed
16-Jun-2023 13:19:46.358 INFO [http-nio-8080-exec-646] org.apache.catalina.core.StandardContext.reload Reloading Context with name [/VeterinariaExtraordinaria] has started
16-Jun-2023 13:19:46.449 INFO [http-nio-8080-exec-646] org.apache.jasper.servlet.TldScanner.scanJars At least one JAR was scanned for TLDs yet contained no TLDs. Enable debug logging for this logger for a complete list of JARs that were scanned but no TLDs were found in them. Skipping unneeded JARs during scanning can improve startup time and JSP compilation time.
16-Jun-2023 13:19:46.449 INFO [http-nio-8080-exec-646] org.apache.catalina.core.StandardContext.reload Reloading Context with name [/VeterinariaExtraordinaria] is completed
16-Jun-2023 13:19:47.236 INFO [http-nio-8080-exec-659] org.apache.catalina.core.StandardContext.reload Reloading Context with name [/VeterinariaExtraordinaria] has started
16-Jun-2023 13:19:47.346 INFO [http-nio-8080-exec-659] org.apache.jasper.servlet.TldScanner.scanJars At least one JAR was scanned for TLDs yet contained no TLDs. Enable debug logging for this logger for a complete list of JARs that were scanned but no TLDs were found in them. Skipping unneeded JARs during scanning can improve startup time and JSP compilation time.
16-Jun-2023 13:19:47.346 INFO [http-nio-8080-exec-659] org.apache.catalina.core.StandardContext.reload Reloading Context with name [/VeterinariaExtraordinaria] is completed
16-Jun-2023 13:19:48.104 INFO [http-nio-8080-exec-660] org.apache.catalina.core.StandardContext.reload Reloading Context with name [/VeterinariaExtraordinaria] has started
16-Jun-2023 13:19:48.247 INFO [http-nio-8080-exec-660] org.apache.jasper.servlet.TldScanner.scanJars At least one JAR was scanned for TLDs yet contained no TLDs. Enable debug logging for this logger for a complete list of JARs that were scanned but no TLDs were found in them. Skipping unneeded JARs during scanning can improve startup time and JSP compilation time.
16-Jun-2023 13:19:48.247 INFO [http-nio-8080-exec-660] org.apache.catalina.core.StandardContext.reload Reloading Context with name [/VeterinariaExtraordinaria] is completed
16-Jun-2023 13:19:52.740 INFO [http-nio-8080-exec-661] org.apache.catalina.core.StandardContext.reload Reloading Context with name [/VeterinariaExtraordinaria] has started
16-Jun-2023 13:19:52.858 INFO [http-nio-8080-exec-661] org.apache.jasper.servlet.TldScanner.scanJars At least one JAR was scanned for TLDs yet contained no TLDs. Enable debug logging for this logger for a complete list of JARs that were scanned but no TLDs were found in them. Skipping unneeded JARs during scanning can improve startup time and JSP compilation time.
16-Jun-2023 13:19:52.859 INFO [http-nio-8080-exec-661] org.apache.catalina.core.StandardContext.reload Reloading Context with name [/VeterinariaExtraordinaria] is completed
16-Jun-2023 13:19:53.585 INFO [http-nio-8080-exec-650] org.apache.catalina.core.StandardContext.reload Reloading Context with name [/VeterinariaExtraordinaria] has started
16-Jun-2023 13:19:53.718 INFO [http-nio-8080-exec-650] org.apache.jasper.servlet.TldScanner.scanJars At least one JAR was scanned for TLDs yet contained no TLDs. Enable debug logging for this logger for a complete list of JARs that were scanned but no TLDs were found in them. Skipping unneeded JARs during scanning can improve startup time and JSP compilation time.
16-Jun-2023 13:19:53.719 INFO [http-nio-8080-exec-650] org.apache.catalina.core.StandardContext.reload Reloading Context with name [/VeterinariaExtraordinaria] is completed
16-Jun-2023 13:20:09.418 INFO [http-nio-8080-exec-634] org.apache.catalina.core.StandardContext.reload Reloading Context with name [/VeterinariaExtraordinaria] has started
16-Jun-2023 13:20:09.720 INFO [http-nio-8080-exec-634] org.apache.jasper.servlet.TldScanner.scanJars At least one JAR was scanned for TLDs yet contained no TLDs. Enable debug logging for this logger for a complete list of JARs that were scanned but no TLDs were found in them. Skipping unneeded JARs during scanning can improve startup time and JSP compilation time.
16-Jun-2023 13:20:09.721 INFO [http-nio-8080-exec-634] org.apache.catalina.core.StandardContext.reload Reloading Context with name [/VeterinariaExtraordinaria] is completed
16-Jun-2023 13:20:34.501 INFO [http-nio-8080-exec-655] org.apache.catalina.core.StandardContext.reload Reloading Context with name [/VeterinariaExtraordinaria] has started
16-Jun-2023 13:20:34.613 INFO [http-nio-8080-exec-655] org.apache.jasper.servlet.TldScanner.scanJars At least one JAR was scanned for TLDs yet contained no TLDs. Enable debug logging for this logger for a complete list of JARs that were scanned but no TLDs were found in them. Skipping unneeded JARs during scanning can improve startup time and JSP compilation time.
16-Jun-2023 13:20:34.614 INFO [http-nio-8080-exec-655] org.apache.catalina.core.StandardContext.reload Reloading Context with name [/VeterinariaExtraordinaria] is completed
16-Jun-2023 13:20:36.756 INFO [http-nio-8080-exec-663] org.apache.catalina.core.StandardContext.reload Reloading Context with name [/VeterinariaExtraordinaria] has started
16-Jun-2023 13:20:39.571 INFO [http-nio-8080-exec-663] org.apache.jasper.servlet.TldScanner.scanJars At least one JAR was scanned for TLDs yet contained no TLDs. Enable debug logging for this logger for a complete list of JARs that were scanned but no TLDs were found in them. Skipping unneeded JARs during scanning can improve startup time and JSP compilation time.
16-Jun-2023 13:20:39.571 INFO [http-nio-8080-exec-663] org.apache.catalina.core.StandardContext.reload Reloading Context with name [/VeterinariaExtraordinaria] is completed
16-Jun-2023 13:20:39.885 INFO [http-nio-8080-exec-662] org.apache.catalina.core.StandardContext.reload Reloading Context with name [/VeterinariaExtraordinaria] has started
16-Jun-2023 13:20:39.976 INFO [http-nio-8080-exec-662] org.apache.jasper.servlet.TldScanner.scanJars At least one JAR was scanned for TLDs yet contained no TLDs. Enable debug logging for this logger for a complete list of JARs that were scanned but no TLDs were found in them. Skipping unneeded JARs during scanning can improve startup time and JSP compilation time.
16-Jun-2023 13:20:39.977 INFO [http-nio-8080-exec-662] org.apache.catalina.core.StandardContext.reload Reloading Context with name [/VeterinariaExtraordinaria] is completed
16-Jun-2023 13:21:50.687 INFO [http-nio-8080-exec-665] org.apache.catalina.core.StandardContext.reload Reloading Context with name [/VeterinariaExtraordinaria] has started
16-Jun-2023 13:21:50.893 INFO [http-nio-8080-exec-665] org.apache.jasper.servlet.TldScanner.scanJars At least one JAR was scanned for TLDs yet contained no TLDs. Enable debug logging for this logger for a complete list of JARs that were scanned but no TLDs were found in them. Skipping unneeded JARs during scanning can improve startup time and JSP compilation time.
16-Jun-2023 13:21:50.908 INFO [http-nio-8080-exec-665] org.apache.catalina.core.StandardContext.reload Reloading Context with name [/VeterinariaExtraordinaria] is completed
16-Jun-2023 13:37:55.246 INFO [http-nio-8080-exec-678] org.apache.catalina.core.StandardContext.reload Reloading Context with name [/VeterinariaExtraordinaria] has started
16-Jun-2023 13:37:55.345 INFO [http-nio-8080-exec-678] org.apache.jasper.servlet.TldScanner.scanJars At least one JAR was scanned for TLDs yet contained no TLDs. Enable debug logging for this logger for a complete list of JARs that were scanned but no TLDs were found in them. Skipping unneeded JARs during scanning can improve startup time and JSP compilation time.
16-Jun-2023 13:37:55.346 INFO [http-nio-8080-exec-678] org.apache.catalina.core.StandardContext.reload Reloading Context with name [/VeterinariaExtraordinaria] is completed
16-Jun-2023 13:37:56.395 INFO [http-nio-8080-exec-672] org.apache.catalina.core.StandardContext.reload Reloading Context with name [/VeterinariaExtraordinaria] has started
16-Jun-2023 13:37:56.492 INFO [http-nio-8080-exec-672] org.apache.jasper.servlet.TldScanner.scanJars At least one JAR was scanned for TLDs yet contained no TLDs. Enable debug logging for this logger for a complete list of JARs that were scanned but no TLDs were found in them. Skipping unneeded JARs during scanning can improve startup time and JSP compilation time.
16-Jun-2023 13:37:56.494 INFO [http-nio-8080-exec-672] org.apache.catalina.core.StandardContext.reload Reloading Context with name [/VeterinariaExtraordinaria] is completed
16-Jun-2023 13:43:32.922 INFO [http-nio-8080-exec-685] org.apache.catalina.core.StandardContext.reload Reloading Context with name [/VeterinariaExtraordinaria] has started
16-Jun-2023 13:43:33.063 INFO [http-nio-8080-exec-685] org.apache.jasper.servlet.TldScanner.scanJars At least one JAR was scanned for TLDs yet contained no TLDs. Enable debug logging for this logger for a complete list of JARs that were scanned but no TLDs were found in them. Skipping unneeded JARs during scanning can improve startup time and JSP compilation time.
16-Jun-2023 13:43:33.065 INFO [http-nio-8080-exec-685] org.apache.catalina.core.StandardContext.reload Reloading Context with name [/VeterinariaExtraordinaria] is completed
16-Jun-2023 13:44:06.820 INFO [http-nio-8080-exec-687] org.apache.catalina.core.StandardContext.reload Reloading Context with name [/VeterinariaExtraordinaria] has started
16-Jun-2023 13:44:06.915 INFO [http-nio-8080-exec-687] org.apache.jasper.servlet.TldScanner.scanJars At least one JAR was scanned for TLDs yet contained no TLDs. Enable debug logging for this logger for a complete list of JARs that were scanned but no TLDs were found in them. Skipping unneeded JARs during scanning can improve startup time and JSP compilation time.
16-Jun-2023 13:44:06.918 INFO [http-nio-8080-exec-687] org.apache.catalina.core.StandardContext.reload Reloading Context with name [/VeterinariaExtraordinaria] is completed
16-Jun-2023 13:44:07.909 INFO [http-nio-8080-exec-686] org.apache.catalina.core.StandardContext.reload Reloading Context with name [/VeterinariaExtraordinaria] has started
16-Jun-2023 13:44:08.038 INFO [http-nio-8080-exec-686] org.apache.jasper.servlet.TldScanner.scanJars At least one JAR was scanned for TLDs yet contained no TLDs. Enable debug logging for this logger for a complete list of JARs that were scanned but no TLDs were found in them. Skipping unneeded JARs during scanning can improve startup time and JSP compilation time.
16-Jun-2023 13:44:08.039 INFO [http-nio-8080-exec-686] org.apache.catalina.core.StandardContext.reload Reloading Context with name [/VeterinariaExtraordinaria] is completed
16-Jun-2023 13:44:17.725 INFO [http-nio-8080-exec-688] org.apache.catalina.core.StandardContext.reload Reloading Context with name [/VeterinariaExtraordinaria] has started
16-Jun-2023 13:44:17.838 INFO [http-nio-8080-exec-688] org.apache.jasper.servlet.TldScanner.scanJars At least one JAR was scanned for TLDs yet contained no TLDs. Enable debug logging for this logger for a complete list of JARs that were scanned but no TLDs were found in them. Skipping unneeded JARs during scanning can improve startup time and JSP compilation time.
16-Jun-2023 13:44:17.839 INFO [http-nio-8080-exec-688] org.apache.catalina.core.StandardContext.reload Reloading Context with name [/VeterinariaExtraordinaria] is completed
16-Jun-2023 13:44:18.538 INFO [http-nio-8080-exec-673] org.apache.catalina.core.StandardContext.reload Reloading Context with name [/VeterinariaExtraordinaria] has started
16-Jun-2023 13:44:18.652 INFO [http-nio-8080-exec-673] org.apache.jasper.servlet.TldScanner.scanJars At least one JAR was scanned for TLDs yet contained no TLDs. Enable debug logging for this logger for a complete list of JARs that were scanned but no TLDs were found in them. Skipping unneeded JARs during scanning can improve startup time and JSP compilation time.
16-Jun-2023 13:44:18.653 INFO [http-nio-8080-exec-673] org.apache.catalina.core.StandardContext.reload Reloading Context with name [/VeterinariaExtraordinaria] is completed
16-Jun-2023 14:41:08.535 INFO [main] org.apache.catalina.core.StandardServer.await A valid shutdown command was received via the shutdown port. Stopping the Server instance.
16-Jun-2023 14:41:08.564 INFO [main] org.apache.coyote.AbstractProtocol.pause Pausing ProtocolHandler ["http-nio-8080"]
16-Jun-2023 14:41:08.615 INFO [main] org.apache.catalina.core.StandardService.stopInternal Stopping service [Catalina]
16-Jun-2023 14:41:09.133 INFO [main] org.apache.coyote.AbstractProtocol.stop Stopping ProtocolHandler ["http-nio-8080"]
16-Jun-2023 14:41:12.243 INFO [main] org.apache.coyote.AbstractProtocol.destroy Destroying ProtocolHandler ["http-nio-8080"]
