17-Jun-2023 23:40:53.400 INFO [main] org.apache.catalina.startup.VersionLoggerListener.log Server version name:   Apache Tomcat/10.1.10
17-Jun-2023 23:40:53.409 INFO [main] org.apache.catalina.startup.VersionLoggerListener.log Server built:          Jun 2 2023 18:11:59 UTC
17-Jun-2023 23:40:53.409 INFO [main] org.apache.catalina.startup.VersionLoggerListener.log Server version number: 10.1.10.0
17-Jun-2023 23:40:53.409 INFO [main] org.apache.catalina.startup.VersionLoggerListener.log OS Name:               Linux
17-Jun-2023 23:40:53.410 INFO [main] org.apache.catalina.startup.VersionLoggerListener.log OS Version:            5.15.0-75-generic
17-Jun-2023 23:40:53.410 INFO [main] org.apache.catalina.startup.VersionLoggerListener.log Architecture:          amd64
17-Jun-2023 23:40:53.410 INFO [main] org.apache.catalina.startup.VersionLoggerListener.log Java Home:             /usr/lib/jvm/java-11-openjdk-amd64
17-Jun-2023 23:40:53.410 INFO [main] org.apache.catalina.startup.VersionLoggerListener.log JVM Version:           11.0.19+7-post-Ubuntu-0ubuntu120.04.1
17-Jun-2023 23:40:53.411 INFO [main] org.apache.catalina.startup.VersionLoggerListener.log JVM Vendor:            Ubuntu
17-Jun-2023 23:40:53.411 INFO [main] org.apache.catalina.startup.VersionLoggerListener.log CATALINA_BASE:         /home/que/Downloads/sus/apache-tomcat-10.1.10
17-Jun-2023 23:40:53.411 INFO [main] org.apache.catalina.startup.VersionLoggerListener.log CATALINA_HOME:         /home/que/Downloads/sus/apache-tomcat-10.1.10
17-Jun-2023 23:40:53.441 INFO [main] org.apache.catalina.startup.VersionLoggerListener.log Command line argument: -Djava.util.logging.config.file=/home/que/Downloads/sus/apache-tomcat-10.1.10/conf/logging.properties
17-Jun-2023 23:40:53.441 INFO [main] org.apache.catalina.startup.VersionLoggerListener.log Command line argument: -Djava.util.logging.manager=org.apache.juli.ClassLoaderLogManager
17-Jun-2023 23:40:53.442 INFO [main] org.apache.catalina.startup.VersionLoggerListener.log Command line argument: -Dhttp.nonProxyHosts=localhost|127.0.0.1|OMEN-que
17-Jun-2023 23:40:53.442 INFO [main] org.apache.catalina.startup.VersionLoggerListener.log Command line argument: -Djdk.tls.ephemeralDHKeySize=2048
17-Jun-2023 23:40:53.442 INFO [main] org.apache.catalina.startup.VersionLoggerListener.log Command line argument: -Djava.protocol.handler.pkgs=org.apache.catalina.webresources
17-Jun-2023 23:40:53.442 INFO [main] org.apache.catalina.startup.VersionLoggerListener.log Command line argument: -Dorg.apache.catalina.security.SecurityListener.UMASK=0027
17-Jun-2023 23:40:53.442 INFO [main] org.apache.catalina.startup.VersionLoggerListener.log Command line argument: --add-opens=java.base/java.lang=ALL-UNNAMED
17-Jun-2023 23:40:53.442 INFO [main] org.apache.catalina.startup.VersionLoggerListener.log Command line argument: --add-opens=java.base/java.io=ALL-UNNAMED
17-Jun-2023 23:40:53.442 INFO [main] org.apache.catalina.startup.VersionLoggerListener.log Command line argument: --add-opens=java.base/java.util=ALL-UNNAMED
17-Jun-2023 23:40:53.442 INFO [main] org.apache.catalina.startup.VersionLoggerListener.log Command line argument: --add-opens=java.base/java.util.concurrent=ALL-UNNAMED
17-Jun-2023 23:40:53.443 INFO [main] org.apache.catalina.startup.VersionLoggerListener.log Command line argument: --add-opens=java.rmi/sun.rmi.transport=ALL-UNNAMED
17-Jun-2023 23:40:53.443 INFO [main] org.apache.catalina.startup.VersionLoggerListener.log Command line argument: -Dcatalina.base=/home/que/Downloads/sus/apache-tomcat-10.1.10
17-Jun-2023 23:40:53.443 INFO [main] org.apache.catalina.startup.VersionLoggerListener.log Command line argument: -Dcatalina.home=/home/que/Downloads/sus/apache-tomcat-10.1.10
17-Jun-2023 23:40:53.443 INFO [main] org.apache.catalina.startup.VersionLoggerListener.log Command line argument: -Djava.io.tmpdir=/home/que/Downloads/sus/apache-tomcat-10.1.10/temp
17-Jun-2023 23:40:53.454 INFO [main] org.apache.catalina.core.AprLifecycleListener.lifecycleEvent The Apache Tomcat Native library which allows using OpenSSL was not found on the java.library.path: [/usr/java/packages/lib:/usr/lib/x86_64-linux-gnu/jni:/lib/x86_64-linux-gnu:/usr/lib/x86_64-linux-gnu:/usr/lib/jni:/lib:/usr/lib]
17-Jun-2023 23:40:54.014 INFO [main] org.apache.coyote.AbstractProtocol.init Initializing ProtocolHandler ["http-nio-8080"]
17-Jun-2023 23:40:54.145 INFO [main] org.apache.catalina.startup.Catalina.load Server initialization in [1572] milliseconds
17-Jun-2023 23:40:54.383 INFO [main] org.apache.catalina.core.StandardService.startInternal Starting service [Catalina]
17-Jun-2023 23:40:54.384 INFO [main] org.apache.catalina.core.StandardEngine.startInternal Starting Servlet engine: [Apache Tomcat/10.1.10]
17-Jun-2023 23:40:54.431 INFO [main] org.apache.catalina.startup.HostConfig.deployDescriptor Deploying deployment descriptor [/home/que/Downloads/sus/apache-tomcat-10.1.10/conf/Catalina/localhost/VeterinariaExtraordinaria.xml]
17-Jun-2023 23:40:54.512 WARNING [main] org.apache.catalina.startup.HostConfig.deployDescriptor The path attribute with value [/VeterinariaExtraordinaria] in deployment descriptor [/home/que/Downloads/sus/apache-tomcat-10.1.10/conf/Catalina/localhost/VeterinariaExtraordinaria.xml] has been ignored
17-Jun-2023 23:40:55.910 INFO [main] org.apache.jasper.servlet.TldScanner.scanJars At least one JAR was scanned for TLDs yet contained no TLDs. Enable debug logging for this logger for a complete list of JARs that were scanned but no TLDs were found in them. Skipping unneeded JARs during scanning can improve startup time and JSP compilation time.
17-Jun-2023 23:40:56.017 INFO [main] org.apache.catalina.startup.HostConfig.deployDescriptor Deployment of deployment descriptor [/home/que/Downloads/sus/apache-tomcat-10.1.10/conf/Catalina/localhost/VeterinariaExtraordinaria.xml] has finished in [1,585] ms
17-Jun-2023 23:40:56.019 INFO [main] org.apache.catalina.startup.HostConfig.deployDirectory Deploying web application directory [/home/que/Downloads/sus/apache-tomcat-10.1.10/webapps/host-manager]
17-Jun-2023 23:40:56.139 INFO [main] org.apache.catalina.startup.HostConfig.deployDirectory Deployment of web application directory [/home/que/Downloads/sus/apache-tomcat-10.1.10/webapps/host-manager] has finished in [120] ms
17-Jun-2023 23:40:56.140 INFO [main] org.apache.catalina.startup.HostConfig.deployDirectory Deploying web application directory [/home/que/Downloads/sus/apache-tomcat-10.1.10/webapps/manager]
17-Jun-2023 23:40:56.186 INFO [main] org.apache.catalina.startup.HostConfig.deployDirectory Deployment of web application directory [/home/que/Downloads/sus/apache-tomcat-10.1.10/webapps/manager] has finished in [47] ms
17-Jun-2023 23:40:56.187 INFO [main] org.apache.catalina.startup.HostConfig.deployDirectory Deploying web application directory [/home/que/Downloads/sus/apache-tomcat-10.1.10/webapps/examples]
17-Jun-2023 23:40:56.596 INFO [main] org.apache.catalina.startup.HostConfig.deployDirectory Deployment of web application directory [/home/que/Downloads/sus/apache-tomcat-10.1.10/webapps/examples] has finished in [409] ms
17-Jun-2023 23:40:56.597 INFO [main] org.apache.catalina.startup.HostConfig.deployDirectory Deploying web application directory [/home/que/Downloads/sus/apache-tomcat-10.1.10/webapps/ROOT]
17-Jun-2023 23:40:56.652 INFO [main] org.apache.catalina.startup.HostConfig.deployDirectory Deployment of web application directory [/home/que/Downloads/sus/apache-tomcat-10.1.10/webapps/ROOT] has finished in [54] ms
17-Jun-2023 23:40:56.653 INFO [main] org.apache.catalina.startup.HostConfig.deployDirectory Deploying web application directory [/home/que/Downloads/sus/apache-tomcat-10.1.10/webapps/docs]
17-Jun-2023 23:40:56.718 INFO [main] org.apache.catalina.startup.HostConfig.deployDirectory Deployment of web application directory [/home/que/Downloads/sus/apache-tomcat-10.1.10/webapps/docs] has finished in [65] ms
17-Jun-2023 23:40:56.731 INFO [main] org.apache.coyote.AbstractProtocol.start Starting ProtocolHandler ["http-nio-8080"]
17-Jun-2023 23:40:56.774 INFO [main] org.apache.catalina.startup.Catalina.start Server startup in [2629] milliseconds
17-Jun-2023 23:41:05.910 INFO [http-nio-8080-exec-8] org.apache.jasper.servlet.TldScanner.scanJars At least one JAR was scanned for TLDs yet contained no TLDs. Enable debug logging for this logger for a complete list of JARs that were scanned but no TLDs were found in them. Skipping unneeded JARs during scanning can improve startup time and JSP compilation time.
17-Jun-2023 23:44:51.535 INFO [http-nio-8080-exec-18] org.apache.catalina.startup.HostConfig.undeploy Undeploying context [/VeterinariaExtraordinaria]
17-Jun-2023 23:45:00.491 INFO [http-nio-8080-exec-12] org.apache.catalina.startup.HostConfig.deployDescriptor Deploying deployment descriptor [/home/que/Downloads/sus/apache-tomcat-10.1.10/conf/Catalina/localhost/VeterinariaExtraordinaria.xml]
17-Jun-2023 23:45:00.495 WARNING [http-nio-8080-exec-12] org.apache.catalina.startup.HostConfig.deployDescriptor The path attribute with value [/VeterinariaExtraordinaria] in deployment descriptor [/home/que/Downloads/sus/apache-tomcat-10.1.10/conf/Catalina/localhost/VeterinariaExtraordinaria.xml] has been ignored
17-Jun-2023 23:45:00.776 INFO [http-nio-8080-exec-12] org.apache.jasper.servlet.TldScanner.scanJars At least one JAR was scanned for TLDs yet contained no TLDs. Enable debug logging for this logger for a complete list of JARs that were scanned but no TLDs were found in them. Skipping unneeded JARs during scanning can improve startup time and JSP compilation time.
17-Jun-2023 23:45:00.785 INFO [http-nio-8080-exec-12] org.apache.catalina.startup.HostConfig.deployDescriptor Deployment of deployment descriptor [/home/que/Downloads/sus/apache-tomcat-10.1.10/conf/Catalina/localhost/VeterinariaExtraordinaria.xml] has finished in [293] ms
17-Jun-2023 23:45:00.796 INFO [http-nio-8080-exec-15] org.apache.catalina.util.LifecycleBase.start The start() method was called on component [StandardEngine[Catalina].StandardHost[localhost].StandardContext[/VeterinariaExtraordinaria]] after start() had already been called. The second call will be ignored.
17-Jun-2023 23:54:19.367 INFO [http-nio-8080-exec-22] org.apache.catalina.core.StandardContext.reload Reloading Context with name [/VeterinariaExtraordinaria] has started
17-Jun-2023 23:54:19.603 INFO [http-nio-8080-exec-22] org.apache.jasper.servlet.TldScanner.scanJars At least one JAR was scanned for TLDs yet contained no TLDs. Enable debug logging for this logger for a complete list of JARs that were scanned but no TLDs were found in them. Skipping unneeded JARs during scanning can improve startup time and JSP compilation time.
17-Jun-2023 23:54:19.606 INFO [http-nio-8080-exec-22] org.apache.catalina.core.StandardContext.reload Reloading Context with name [/VeterinariaExtraordinaria] is completed
17-Jun-2023 23:54:20.567 INFO [http-nio-8080-exec-30] org.apache.catalina.core.StandardContext.reload Reloading Context with name [/VeterinariaExtraordinaria] has started
17-Jun-2023 23:54:20.833 INFO [http-nio-8080-exec-30] org.apache.jasper.servlet.TldScanner.scanJars At least one JAR was scanned for TLDs yet contained no TLDs. Enable debug logging for this logger for a complete list of JARs that were scanned but no TLDs were found in them. Skipping unneeded JARs during scanning can improve startup time and JSP compilation time.
17-Jun-2023 23:54:20.836 INFO [http-nio-8080-exec-30] org.apache.catalina.core.StandardContext.reload Reloading Context with name [/VeterinariaExtraordinaria] is completed
17-Jun-2023 23:58:11.062 INFO [http-nio-8080-exec-32] org.apache.jasper.servlet.TldScanner.scanJars At least one JAR was scanned for TLDs yet contained no TLDs. Enable debug logging for this logger for a complete list of JARs that were scanned but no TLDs were found in them. Skipping unneeded JARs during scanning can improve startup time and JSP compilation time.
17-Jun-2023 23:58:11.296 INFO [http-nio-8080-exec-33] org.apache.catalina.core.StandardContext.reload Reloading Context with name [/VeterinariaExtraordinaria] has started
17-Jun-2023 23:58:11.607 INFO [http-nio-8080-exec-33] org.apache.jasper.servlet.TldScanner.scanJars At least one JAR was scanned for TLDs yet contained no TLDs. Enable debug logging for this logger for a complete list of JARs that were scanned but no TLDs were found in them. Skipping unneeded JARs during scanning can improve startup time and JSP compilation time.
17-Jun-2023 23:58:11.610 INFO [http-nio-8080-exec-33] org.apache.catalina.core.StandardContext.reload Reloading Context with name [/VeterinariaExtraordinaria] is completed
17-Jun-2023 23:58:12.805 INFO [http-nio-8080-exec-34] org.apache.catalina.core.StandardContext.reload Reloading Context with name [/VeterinariaExtraordinaria] has started
17-Jun-2023 23:58:13.005 INFO [http-nio-8080-exec-34] org.apache.jasper.servlet.TldScanner.scanJars At least one JAR was scanned for TLDs yet contained no TLDs. Enable debug logging for this logger for a complete list of JARs that were scanned but no TLDs were found in them. Skipping unneeded JARs during scanning can improve startup time and JSP compilation time.
17-Jun-2023 23:58:13.011 INFO [http-nio-8080-exec-34] org.apache.catalina.core.StandardContext.reload Reloading Context with name [/VeterinariaExtraordinaria] is completed
17-Jun-2023 23:58:17.047 INFO [Catalina-utility-1] org.apache.catalina.startup.HostConfig.reload Reloading context [/VeterinariaExtraordinaria]
17-Jun-2023 23:58:17.047 INFO [Catalina-utility-1] org.apache.catalina.core.StandardContext.reload Reloading Context with name [/VeterinariaExtraordinaria] has started
17-Jun-2023 23:58:17.217 INFO [Catalina-utility-1] org.apache.jasper.servlet.TldScanner.scanJars At least one JAR was scanned for TLDs yet contained no TLDs. Enable debug logging for this logger for a complete list of JARs that were scanned but no TLDs were found in them. Skipping unneeded JARs during scanning can improve startup time and JSP compilation time.
17-Jun-2023 23:58:17.220 INFO [Catalina-utility-1] org.apache.catalina.core.StandardContext.reload Reloading Context with name [/VeterinariaExtraordinaria] is completed
